#
# A fatal error has been detected by the Java Runtime Environment:
#
#  EXCEPTION_ACCESS_VIOLATION (0xc0000005) at pc=0x000000005d288ad5, pid=6920, tid=3048
#
# JRE version: Java(TM) SE Runtime Environment (8.0_73-b02) (build 1.8.0_73-b02)
# Java VM: Java HotSpot(TM) 64-Bit Server VM (25.73-b02 mixed mode windows-amd64 compressed oops)
# Problematic frame:
# V  [jvm.dll+0x128ad5]
#
# Failed to write core dump. Minidumps are not enabled by default on client versions of Windows
#
# If you would like to submit a bug report, please visit:
#   http://bugreport.java.com/bugreport/crash.jsp
#

---------------  T H R E A D  ---------------

Current thread (0x0000000056528000):  JavaThread "JDWP Transport Listener: dt_socket" daemon [_thread_in_vm, id=3048, stack(0x0000000056df0000,0x0000000056ef0000)]

siginfo: ExceptionCode=0xc0000005, reading address 0xffffffffffffffff

Registers:
RAX=0x0000000056eef201, RBX=0x0000000056528000, RCX=0x4c003b00003b7200, RDX=0x0000000000000000
RSP=0x0000000056eef1b0, RBP=0x4c003b00003b7200, RSI=0x0000000056eef2c8, RDI=0x00000000022b8d10
R8 =0x0000000056528000, R9 =0x0000036203d20005, R10=0x0000000000000000, R11=0x000000005bc14dcc
R12=0x0000000000000000, R13=0x00000000565287f8, R14=0x0000000000000000, R15=0x0000000000000000
RIP=0x000000005d288ad5, EFLAGS=0x0000000000010206

Top of Stack: (sp=0x0000000056eef1b0)
0x0000000056eef1b0:   0000000000000001 0000000058506310
0x0000000056eef1c0:   0000000056eef390 000000005d48e34b
0x0000000056eef1d0:   0000000056528000 000000005d4aabad
0x0000000056eef1e0:   0000000000000000 00000000716e9155
0x0000000056eef1f0:   0000000058c0c470 00000000716f291e
0x0000000056eef200:   0000000056528000 0000000000000000
0x0000000056eef210:   0000000000000000 0000000000000000
0x0000000056eef220:   4c003b00003b7200 00000000716f1a15
0x0000000056eef230:   0000000056eef2c8 0000000056eef2a0
0x0000000056eef240:   0000000000000001 0000000058c0c470
0x0000000056eef250:   4c003b00003b7200 00000000716d53b3
0x0000000056eef260:   0000000056eef390 0000000000000001
0x0000000056eef270:   0000000000000001 0000000058c0c470
0x0000000056eef280:   0000000000000001 0000000000000000
0x0000000056eef290:   0000000000000000 0000000000000000
0x0000000056eef2a0:   0000000000000001 00000000716d5571 

Instructions: (pc=0x000000005d288ad5)
0x000000005d288ab5:   cc cc cc cc cc cc cc cc cc cc cc 48 83 ec 28 48
0x000000005d288ac5:   85 c9 75 07 33 c0 48 83 c4 28 c3 48 89 5c 24 20
0x000000005d288ad5:   48 8b 19 48 85 db 74 20 48 83 fb 37 74 1a 48 8b
0x000000005d288ae5:   13 48 8b cb ff 52 10 84 c0 74 0d 48 8b c3 48 8b 


Register to memory mapping:

RAX=0x0000000056eef201 is pointing into the stack for thread: 0x0000000056528000
RBX=0x0000000056528000 is a thread
RCX=0x4c003b00003b7200 is an unknown value
RDX=0x0000000000000000 is an unknown value
RSP=0x0000000056eef1b0 is pointing into the stack for thread: 0x0000000056528000
RBP=0x4c003b00003b7200 is an unknown value
RSI=0x0000000056eef2c8 is pointing into the stack for thread: 0x0000000056528000
RDI=0x00000000022b8d10 is an unknown value
R8 =0x0000000056528000 is a thread
R9 =0x0000036203d20005 is an unknown value
R10=0x0000000000000000 is an unknown value
R11=0x000000005bc14dcc is an unknown value
R12=0x0000000000000000 is an unknown value
R13=0x00000000565287f8 is an unknown value
R14=0x0000000000000000 is an unknown value
R15=0x0000000000000000 is an unknown value


Stack: [0x0000000056df0000,0x0000000056ef0000],  sp=0x0000000056eef1b0,  free space=1020k
Native frames: (J=compiled Java code, j=interpreted, Vv=VM code, C=native code)
V  [jvm.dll+0x128ad5]
V  [jvm.dll+0x34abad]
C  [jdwp.dll+0x21a15]
C  [jdwp.dll+0x53b3]
C  [jdwp.dll+0x5571]
C  [jdwp.dll+0xf0a8]
C  [jdwp.dll+0x1f2d5]
C  [jdwp.dll+0x1f4aa]
V  [jvm.dll+0x1bbb58]
V  [jvm.dll+0x243234]
V  [jvm.dll+0x29a10a]
C  [msvcr100.dll+0x21d9f]
C  [msvcr100.dll+0x21e3b]
C  [kernel32.dll+0x1652d]
C  [ntdll.dll+0x2c521]


---------------  P R O C E S S  ---------------

Java Threads: ( => current thread )
  0x000000005e674800 JavaThread "Scheduler-1772471998" [_thread_blocked, id=3536, stack(0x0000000060220000,0x0000000060320000)]
  0x000000005e673800 JavaThread "DestroyJavaVM" [_thread_blocked, id=5364, stack(0x0000000002340000,0x0000000002440000)]
  0x000000005e673000 JavaThread "Thread-13" [_thread_blocked, id=6284, stack(0x00000000571b0000,0x00000000572b0000)]
  0x000000005e672000 JavaThread "Tomcat JDBC Pool Cleaner[349885916:1456303661648]" daemon [_thread_blocked, id=6932, stack(0x0000000060650000,0x0000000060750000)]
  0x00000000587a2800 JavaThread "org.eclipse.jetty.server.session.HashSessionManager@4975dda1Timer" daemon [_thread_blocked, id=7064, stack(0x000000005ff80000,0x0000000060080000)]
  0x00000000587a1800 JavaThread "qtp1726169577-23" [_thread_blocked, id=3984, stack(0x000000005cff0000,0x000000005d0f0000)]
  0x00000000587a1000 JavaThread "qtp1726169577-22" [_thread_blocked, id=5200, stack(0x000000005cd60000,0x000000005ce60000)]
  0x00000000587a0000 JavaThread "qtp1726169577-21" [_thread_blocked, id=6416, stack(0x000000005ce70000,0x000000005cf70000)]
  0x000000005879f800 JavaThread "qtp1726169577-20-selector-ServerConnectorManager@21d96314/1" [_thread_in_native, id=932, stack(0x0000000059380000,0x0000000059480000)]
  0x000000005879e800 JavaThread "qtp1726169577-19" [_thread_blocked, id=5324, stack(0x000000005cc30000,0x000000005cd30000)]
  0x000000005879e000 JavaThread "qtp1726169577-18" [_thread_blocked, id=6024, stack(0x000000005c8b0000,0x000000005c9b0000)]
  0x000000005879d000 JavaThread "qtp1726169577-17-acceptor-0@4e5768a4-ServerConnector@558fa64a{HTTP/1.1}{0.0.0.0:8182}" [_thread_in_native, id=6840, stack(0x0000000057970000,0x0000000057a70000)]
  0x000000005879c800 JavaThread "qtp1726169577-16-selector-ServerConnectorManager@21d96314/0" [_thread_in_native, id=4112, stack(0x000000005c4f0000,0x000000005c5f0000)]
  0x00000000565c8000 JavaThread "Service Thread" daemon [_thread_blocked, id=4268, stack(0x0000000057750000,0x0000000057850000)]
  0x0000000056546800 JavaThread "C1 CompilerThread2" daemon [_thread_blocked, id=6228, stack(0x0000000057870000,0x0000000057970000)]
  0x0000000056544000 JavaThread "C2 CompilerThread1" daemon [_thread_blocked, id=5192, stack(0x0000000057550000,0x0000000057650000)]
  0x0000000056540800 JavaThread "C2 CompilerThread0" daemon [_thread_blocked, id=416, stack(0x0000000057650000,0x0000000057750000)]
  0x0000000056531000 JavaThread "JDWP Command Reader" daemon [_thread_in_native, id=3036, stack(0x0000000057450000,0x0000000057550000)]
  0x000000005652d800 JavaThread "JDWP Event Helper Thread" daemon [_thread_blocked, id=728, stack(0x0000000057330000,0x0000000057430000)]
=>0x0000000056528000 JavaThread "JDWP Transport Listener: dt_socket" daemon [_thread_in_vm, id=3048, stack(0x0000000056df0000,0x0000000056ef0000)]
  0x0000000056512800 JavaThread "Attach Listener" daemon [_thread_blocked, id=5532, stack(0x0000000056cd0000,0x0000000056dd0000)]
  0x00000000551de000 JavaThread "Signal Dispatcher" daemon [_thread_blocked, id=1728, stack(0x00000000569a0000,0x0000000056aa0000)]
  0x0000000055181000 JavaThread "Finalizer" daemon [_thread_blocked, id=4432, stack(0x0000000056410000,0x0000000056510000)]
  0x000000005517a000 JavaThread "Reference Handler" daemon [_thread_blocked, id=5132, stack(0x0000000056260000,0x0000000056360000)]

Other Threads:
  0x0000000055174800 VMThread [stack: 0x0000000055fc0000,0x00000000560c0000] [id=6152]
  0x00000000566a7800 WatcherThread [stack: 0x0000000057a70000,0x0000000057b70000] [id=5156]

VM state:not at safepoint (normal execution)

VM Mutex/Monitor currently owned by a thread: None

Heap:
 PSYoungGen      total 321536K, used 208585K [0x00000000eb300000, 0x0000000100000000, 0x0000000100000000)
  eden space 302080K, 69% used [0x00000000eb300000,0x00000000f7eb24f8,0x00000000fda00000)
  from space 19456K, 0% used [0x00000000fda00000,0x00000000fda00000,0x00000000fed00000)
  to   space 19456K, 0% used [0x00000000fed00000,0x00000000fed00000,0x0000000100000000)
 ParOldGen       total 94208K, used 46004K [0x00000000c1800000, 0x00000000c7400000, 0x00000000eb300000)
  object space 94208K, 48% used [0x00000000c1800000,0x00000000c44ed3f0,0x00000000c7400000)
 Metaspace       used 65302K, capacity 66214K, committed 66344K, reserved 1107968K
  class space    used 8246K, capacity 8451K, committed 8488K, reserved 1048576K

Card table byte_map: [0x0000000011bc0000,0x0000000011dc0000] byte_map_base: 0x00000000115b4000

Marking Bits: (ParMarkBitMap*) 0x000000005d970600
 Begin Bits: [0x00000000126a0000, 0x0000000013640000)
 End Bits:   [0x0000000013640000, 0x00000000145e0000)

Polling page: 0x0000000000120000

CodeCache: size=245760Kb used=26852Kb max_used=26878Kb free=218907Kb
 bounds [0x0000000002800000, 0x0000000004270000, 0x0000000011800000]
 total_blobs=8350 nmethods=7580 adapters=688
 compilation: enabled

Compilation events (10 events):
Event: 392.481 Thread 0x0000000056544000 nmethod 8964 0x000000000424aa90 code [0x000000000424ac60, 0x000000000424b968]
Event: 392.481 Thread 0x0000000056544000 8955       4       java.lang.ThreadLocal$ThreadLocalMap::getEntry (42 bytes)
Event: 392.484 Thread 0x0000000056544000 nmethod 8955 0x0000000004231b90 code [0x0000000004231ce0, 0x0000000004231fb8]
Event: 392.484 Thread 0x0000000056544000 8961       4       sun.nio.cs.UTF_8$Decoder::decodeArrayLoop (691 bytes)
Event: 392.516 Thread 0x0000000056544000 nmethod 8961 0x000000000424f590 code [0x000000000424f840, 0x00000000042510a0]
Event: 392.565 Thread 0x0000000056540800 nmethod 8922 0x0000000004257fd0 code [0x0000000004258380, 0x000000000425c718]
Event: 419.825 Thread 0x0000000056546800 8973       3       java.util.concurrent.locks.LockSupport::setBlocker (12 bytes)
Event: 419.826 Thread 0x0000000056546800 nmethod 8973 0x0000000004225110 code [0x0000000004225260, 0x00000000042253b0]
Event: 514.475 Thread 0x0000000056546800 8974       3       java.util.concurrent.locks.AbstractQueuedSynchronizer::isOnSyncQueue (33 bytes)
Event: 514.476 Thread 0x0000000056546800 nmethod 8974 0x000000000424ef10 code [0x000000000424f080, 0x000000000424f410]

GC Heap History (10 events):
Event: 6.913 GC heap before
{Heap before GC invocations=14 (full 2):
 PSYoungGen      total 270336K, used 1425K [0x00000000eb300000, 0x00000000fcd00000, 0x0000000100000000)
  eden space 262144K, 0% used [0x00000000eb300000,0x00000000eb300000,0x00000000fb300000)
  from space 8192K, 17% used [0x00000000fc500000,0x00000000fc6646f0,0x00000000fcd00000)
  to   space 13312K, 0% used [0x00000000fb300000,0x00000000fb300000,0x00000000fc000000)
 ParOldGen       total 38400K, used 28207K [0x00000000c1800000, 0x00000000c3d80000, 0x00000000eb300000)
  object space 38400K, 73% used [0x00000000c1800000,0x00000000c338bc58,0x00000000c3d80000)
 Metaspace       used 34922K, capacity 35308K, committed 35496K, reserved 1081344K
  class space    used 4375K, capacity 4486K, committed 4520K, reserved 1048576K
Event: 7.023 GC heap after
Heap after GC invocations=14 (full 2):
 PSYoungGen      total 270336K, used 0K [0x00000000eb300000, 0x00000000fcd00000, 0x0000000100000000)
  eden space 262144K, 0% used [0x00000000eb300000,0x00000000eb300000,0x00000000fb300000)
  from space 8192K, 0% used [0x00000000fc500000,0x00000000fc500000,0x00000000fcd00000)
  to   space 13312K, 0% used [0x00000000fb300000,0x00000000fb300000,0x00000000fc000000)
 ParOldGen       total 56832K, used 22285K [0x00000000c1800000, 0x00000000c4f80000, 0x00000000eb300000)
  object space 56832K, 39% used [0x00000000c1800000,0x00000000c2dc3658,0x00000000c4f80000)
 Metaspace       used 34922K, capacity 35308K, committed 35496K, reserved 1081344K
  class space    used 4375K, capacity 4486K, committed 4520K, reserved 1048576K
}
Event: 9.743 GC heap before
{Heap before GC invocations=15 (full 2):
 PSYoungGen      total 270336K, used 262144K [0x00000000eb300000, 0x00000000fcd00000, 0x0000000100000000)
  eden space 262144K, 100% used [0x00000000eb300000,0x00000000fb300000,0x00000000fb300000)
  from space 8192K, 0% used [0x00000000fc500000,0x00000000fc500000,0x00000000fcd00000)
  to   space 13312K, 0% used [0x00000000fb300000,0x00000000fb300000,0x00000000fc000000)
 ParOldGen       total 56832K, used 22285K [0x00000000c1800000, 0x00000000c4f80000, 0x00000000eb300000)
  object space 56832K, 39% used [0x00000000c1800000,0x00000000c2dc3658,0x00000000c4f80000)
 Metaspace       used 49868K, capacity 50316K, committed 50856K, reserved 1093632K
  class space    used 6346K, capacity 6470K, committed 6568K, reserved 1048576K
Event: 9.782 GC heap after
Heap after GC invocations=15 (full 2):
 PSYoungGen      total 275456K, used 13298K [0x00000000eb300000, 0x0000000100000000, 0x0000000100000000)
  eden space 262144K, 0% used [0x00000000eb300000,0x00000000eb300000,0x00000000fb300000)
  from space 13312K, 99% used [0x00000000fb300000,0x00000000fbffc808,0x00000000fc000000)
  to   space 18432K, 0% used [0x00000000fee00000,0x00000000fee00000,0x0000000100000000)
 ParOldGen       total 56832K, used 30629K [0x00000000c1800000, 0x00000000c4f80000, 0x00000000eb300000)
  object space 56832K, 53% used [0x00000000c1800000,0x00000000c35e95d8,0x00000000c4f80000)
 Metaspace       used 49868K, capacity 50316K, committed 50856K, reserved 1093632K
  class space    used 6346K, capacity 6470K, committed 6568K, reserved 1048576K
}
Event: 12.100 GC heap before
{Heap before GC invocations=16 (full 2):
 PSYoungGen      total 275456K, used 275442K [0x00000000eb300000, 0x0000000100000000, 0x0000000100000000)
  eden space 262144K, 100% used [0x00000000eb300000,0x00000000fb300000,0x00000000fb300000)
  from space 13312K, 99% used [0x00000000fb300000,0x00000000fbffc808,0x00000000fc000000)
  to   space 18432K, 0% used [0x00000000fee00000,0x00000000fee00000,0x0000000100000000)
 ParOldGen       total 56832K, used 30629K [0x00000000c1800000, 0x00000000c4f80000, 0x00000000eb300000)
  object space 56832K, 53% used [0x00000000c1800000,0x00000000c35e95d8,0x00000000c4f80000)
 Metaspace       used 57483K, capacity 58146K, committed 58408K, reserved 1099776K
  class space    used 7284K, capacity 7441K, committed 7464K, reserved 1048576K
Event: 12.200 GC heap after
Heap after GC invocations=16 (full 2):
 PSYoungGen      total 320512K, used 14110K [0x00000000eb300000, 0x0000000100000000, 0x0000000100000000)
  eden space 302080K, 0% used [0x00000000eb300000,0x00000000eb300000,0x00000000fda00000)
  from space 18432K, 76% used [0x00000000fee00000,0x00000000ffbc7af8,0x0000000100000000)
  to   space 19456K, 0% used [0x00000000fda00000,0x00000000fda00000,0x00000000fed00000)
 ParOldGen       total 56832K, used 41628K [0x00000000c1800000, 0x00000000c4f80000, 0x00000000eb300000)
  object space 56832K, 73% used [0x00000000c1800000,0x00000000c40a7168,0x00000000c4f80000)
 Metaspace       used 57483K, capacity 58146K, committed 58408K, reserved 1099776K
  class space    used 7284K, capacity 7441K, committed 7464K, reserved 1048576K
}
Event: 13.013 GC heap before
{Heap before GC invocations=17 (full 2):
 PSYoungGen      total 320512K, used 111263K [0x00000000eb300000, 0x0000000100000000, 0x0000000100000000)
  eden space 302080K, 32% used [0x00000000eb300000,0x00000000f11e0340,0x00000000fda00000)
  from space 18432K, 76% used [0x00000000fee00000,0x00000000ffbc7af8,0x0000000100000000)
  to   space 19456K, 0% used [0x00000000fda00000,0x00000000fda00000,0x00000000fed00000)
 ParOldGen       total 56832K, used 41628K [0x00000000c1800000, 0x00000000c4f80000, 0x00000000eb300000)
  object space 56832K, 73% used [0x00000000c1800000,0x00000000c40a7168,0x00000000c4f80000)
 Metaspace       used 58192K, capacity 58874K, committed 59160K, reserved 1101824K
  class space    used 7386K, capacity 7573K, committed 7592K, reserved 1048576K
Event: 13.030 GC heap after
Heap after GC invocations=17 (full 2):
 PSYoungGen      total 321536K, used 4307K [0x00000000eb300000, 0x0000000100000000, 0x0000000100000000)
  eden space 302080K, 0% used [0x00000000eb300000,0x00000000eb300000,0x00000000fda00000)
  from space 19456K, 22% used [0x00000000fda00000,0x00000000fde34c08,0x00000000fed00000)
  to   space 19456K, 0% used [0x00000000fed00000,0x00000000fed00000,0x0000000100000000)
 ParOldGen       total 56832K, used 51292K [0x00000000c1800000, 0x00000000c4f80000, 0x00000000eb300000)
  object space 56832K, 90% used [0x00000000c1800000,0x00000000c4a17088,0x00000000c4f80000)
 Metaspace       used 58192K, capacity 58874K, committed 59160K, reserved 1101824K
  class space    used 7386K, capacity 7573K, committed 7592K, reserved 1048576K
}
Event: 13.030 GC heap before
{Heap before GC invocations=18 (full 3):
 PSYoungGen      total 321536K, used 4307K [0x00000000eb300000, 0x0000000100000000, 0x0000000100000000)
  eden space 302080K, 0% used [0x00000000eb300000,0x00000000eb300000,0x00000000fda00000)
  from space 19456K, 22% used [0x00000000fda00000,0x00000000fde34c08,0x00000000fed00000)
  to   space 19456K, 0% used [0x00000000fed00000,0x00000000fed00000,0x0000000100000000)
 ParOldGen       total 56832K, used 51292K [0x00000000c1800000, 0x00000000c4f80000, 0x00000000eb300000)
  object space 56832K, 90% used [0x00000000c1800000,0x00000000c4a17088,0x00000000c4f80000)
 Metaspace       used 58192K, capacity 58874K, committed 59160K, reserved 1101824K
  class space    used 7386K, capacity 7573K, committed 7592K, reserved 1048576K
Event: 13.259 GC heap after
Heap after GC invocations=18 (full 3):
 PSYoungGen      total 321536K, used 0K [0x00000000eb300000, 0x0000000100000000, 0x0000000100000000)
  eden space 302080K, 0% used [0x00000000eb300000,0x00000000eb300000,0x00000000fda00000)
  from space 19456K, 0% used [0x00000000fda00000,0x00000000fda00000,0x00000000fed00000)
  to   space 19456K, 0% used [0x00000000fed00000,0x00000000fed00000,0x0000000100000000)
 ParOldGen       total 94208K, used 46004K [0x00000000c1800000, 0x00000000c7400000, 0x00000000eb300000)
  object space 94208K, 48% used [0x00000000c1800000,0x00000000c44ed3f0,0x00000000c7400000)
 Metaspace       used 58192K, capacity 58874K, committed 59160K, reserved 1101824K
  class space    used 7386K, capacity 7573K, committed 7592K, reserved 1048576K
}

Deoptimization events (10 events):
Event: 284.282 Thread 0x00000000587a1000 Uncommon trap: reason=unhandled action=none pc=0x0000000002dd10fc method=java.net.URLClassLoader.findClass(Ljava/lang/String;)Ljava/lang/Class; @ 44
Event: 284.284 Thread 0x00000000587a1000 Uncommon trap: reason=class_check action=maybe_recompile pc=0x00000000040da05c method=java.io.PrintWriter.write(Ljava/lang/String;II)V @ 19
Event: 294.079 Thread 0x00000000587a1800 Uncommon trap: reason=unstable_if action=reinterpret pc=0x000000000397e8b0 method=java.io.Writer.write(I)V @ 11
Event: 359.817 Thread 0x000000005879e000 Uncommon trap: reason=unhandled action=none pc=0x0000000002dd10fc method=java.net.URLClassLoader.findClass(Ljava/lang/String;)Ljava/lang/Class; @ 44
Event: 359.824 Thread 0x000000005879e000 Uncommon trap: reason=unhandled action=none pc=0x0000000002b7c770 method=java.lang.Class.getDeclaredMethod(Ljava/lang/String;[Ljava/lang/Class;)Ljava/lang/reflect/Method; @ 64
Event: 359.825 Thread 0x000000005879e000 Uncommon trap: reason=class_check action=maybe_recompile pc=0x00000000040da05c method=java.io.PrintWriter.write(Ljava/lang/String;II)V @ 19
Event: 364.832 Thread 0x000000005879e800 Uncommon trap: reason=unhandled action=none pc=0x0000000002b7c770 method=java.lang.Class.getDeclaredMethod(Ljava/lang/String;[Ljava/lang/Class;)Ljava/lang/reflect/Method; @ 64
Event: 364.833 Thread 0x000000005879e800 Uncommon trap: reason=class_check action=maybe_recompile pc=0x00000000040da05c method=java.io.PrintWriter.write(Ljava/lang/String;II)V @ 19
Event: 392.411 Thread 0x00000000587a0000 Uncommon trap: reason=null_check action=make_not_entrant pc=0x0000000004205aa8 method=org.springframework.core.convert.TypeDescriptor.isCollection()Z @ 6
Event: 392.458 Thread 0x00000000587a0000 Uncommon trap: reason=unstable_if action=reinterpret pc=0x0000000004210690 method=org.cyberneko.html.HTMLScanner.skipSpaces()Z @ 16

Internal exceptions (10 events):
Event: 21.381 Thread 0x00000000587a1800 Exception <a 'java/lang/ArrayIndexOutOfBoundsException': 22> (0x00000000f424a5d8) thrown at [D:\re\puppet\workspace\8-2-build-windows-amd64-cygwin\jdk8u73\6086\hotspot\src\share\vm\interpreter\interpreterRuntime.cpp, line 366]
Event: 29.135 Thread 0x00000000587a1800 Exception <a 'java/lang/ArrayIndexOutOfBoundsException': 15> (0x00000000f43136b8) thrown at [D:\re\puppet\workspace\8-2-build-windows-amd64-cygwin\jdk8u73\6086\hotspot\src\share\vm\interpreter\interpreterRuntime.cpp, line 366]
Event: 29.135 Thread 0x00000000587a1800 Exception <a 'java/lang/ArrayIndexOutOfBoundsException': 15> (0x00000000f4314778) thrown at [D:\re\puppet\workspace\8-2-build-windows-amd64-cygwin\jdk8u73\6086\hotspot\src\share\vm\interpreter\interpreterRuntime.cpp, line 366]
Event: 29.137 Thread 0x00000000587a1800 Exception <a 'java/lang/ClassNotFoundException': java/lang/ObjectCustomizer> (0x00000000f43225e0) thrown at [D:\re\puppet\workspace\8-2-build-windows-amd64-cygwin\jdk8u73\6086\hotspot\src\share\vm\classfile\systemDictionary.cpp, line 210]
Event: 29.140 Thread 0x00000000587a1800 Exception <a 'java/lang/ClassNotFoundException': vn/com/splussoftware/sms/model/entity/auth/PermissionEntityCustomizer> (0x00000000f4351800) thrown at [D:\re\puppet\workspace\8-2-build-windows-amd64-cygwin\jdk8u73\6086\hotspot\src\share\vm\classfile\systemü€Ñ%=@
Event: 29.145 Thread 0x00000000587a1800 Implicit null exception at 0x00000000037c703f to 0x00000000037c79d5
Event: 36.543 Thread 0x00000000587a1000 Implicit null exception at 0x0000000003e83ebb to 0x0000000003e85749
Event: 236.497 Thread 0x00000000587a1000 Implicit null exception at 0x0000000003e90f0e to 0x0000000003e91013
Event: 236.510 Thread 0x00000000587a1000 Implicit null exception at 0x000000000398483e to 0x0000000003984cf9
Event: 294.079 Thread 0x00000000587a1800 Implicit null exception at 0x000000000397e52e to 0x000000000397e880

Events (10 events):
Event: 392.411 Thread 0x00000000587a0000 Uncommon trap: trap_request=0xfffffff4 fr.pc=0x0000000004205aa8
Event: 392.411 Thread 0x00000000587a0000 DEOPT PACKING pc=0x0000000004205aa8 sp=0x000000005cf6c460
Event: 392.411 Thread 0x00000000587a0000 DEOPT UNPACKING pc=0x000000000284582a sp=0x000000005cf6c3e0 mode 2
Event: 392.457 Thread 0x00000000587a0000 DEOPT PACKING pc=0x0000000003f41c6e sp=0x000000005cf6b370
Event: 392.457 Thread 0x00000000587a0000 DEOPT UNPACKING pc=0x000000000284787f sp=0x000000005cf6b1d8 mode 0
Event: 392.458 Thread 0x00000000587a0000 Uncommon trap: trap_request=0xffffff65 fr.pc=0x0000000004210690
Event: 392.458 Thread 0x00000000587a0000 DEOPT PACKING pc=0x0000000004210690 sp=0x000000005cf6b9f0
Event: 392.458 Thread 0x00000000587a0000 DEOPT UNPACKING pc=0x000000000284582a sp=0x000000005cf6b998 mode 2
Event: 605.651 Executing VM operation: RedefineClasses
Event: 605.723 Executing VM operation: RedefineClasses done


Dynamic libraries:
0x000000013f950000 - 0x000000013f987000 	C:\Program Files\Java\jre1.8.0_73\bin\javaw.exe
0x0000000077360000 - 0x0000000077509000 	C:\Windows\SYSTEM32\ntdll.dll
0x0000000077240000 - 0x000000007735f000 	C:\Windows\system32\kernel32.dll
0x000007fefd3a0000 - 0x000007fefd40b000 	C:\Windows\system32\KERNELBASE.dll
0x000007feff0a0000 - 0x000007feff17b000 	C:\Windows\system32\ADVAPI32.dll
0x000007fefd9e0000 - 0x000007fefda7f000 	C:\Windows\system32\msvcrt.dll
0x000007fefdeb0000 - 0x000007fefdecf000 	C:\Windows\SYSTEM32\sechost.dll
0x000007fefdfa0000 - 0x000007fefe0cd000 	C:\Windows\system32\RPCRT4.dll
0x0000000077140000 - 0x000000007723a000 	C:\Windows\system32\USER32.dll
0x000007fefda80000 - 0x000007fefdae7000 	C:\Windows\system32\GDI32.dll
0x000007fefdaf0000 - 0x000007fefdafe000 	C:\Windows\system32\LPK.dll
0x000007fefded0000 - 0x000007fefdf99000 	C:\Windows\system32\USP10.dll
0x000007fefbee0000 - 0x000007fefc0d4000 	C:\Windows\WinSxS\amd64_microsoft.windows.common-controls_6595b64144ccf1df_6.0.7601.17514_none_fa396087175ac9ac\COMCTL32.dll
0x000007fefe0d0000 - 0x000007fefe141000 	C:\Windows\system32\SHLWAPI.dll
0x000007feff010000 - 0x000007feff03e000 	C:\Windows\system32\IMM32.DLL
0x000007feff560000 - 0x000007feff669000 	C:\Windows\system32\MSCTF.dll
0x0000000056b50000 - 0x0000000056c22000 	C:\Program Files\Java\jre1.8.0_73\bin\msvcr100.dll
0x000000005d160000 - 0x000000005d9f0000 	C:\Program Files\Java\jre1.8.0_73\bin\server\jvm.dll
0x000007fef7a40000 - 0x000007fef7a49000 	C:\Windows\system32\WSOCK32.dll
0x000007feff390000 - 0x000007feff3dd000 	C:\Windows\system32\WS2_32.dll
0x000007fefdea0000 - 0x000007fefdea8000 	C:\Windows\system32\NSI.dll
0x000007fefb320000 - 0x000007fefb35b000 	C:\Windows\system32\WINMM.dll
0x000007fefc400000 - 0x000007fefc40c000 	C:\Windows\system32\VERSION.dll
0x0000000077530000 - 0x0000000077537000 	C:\Windows\system32\PSAPI.DLL
0x000000005ecc0000 - 0x000000005eccf000 	C:\Program Files\Java\jre1.8.0_73\bin\verify.dll
0x000000005ec90000 - 0x000000005ecb9000 	C:\Program Files\Java\jre1.8.0_73\bin\java.dll
0x00000000716d0000 - 0x0000000071705000 	C:\Program Files\Java\jre1.8.0_73\bin\jdwp.dll
0x0000000072430000 - 0x0000000072438000 	C:\Program Files\Java\jre1.8.0_73\bin\npt.dll
0x000000005ec40000 - 0x000000005ec56000 	C:\Program Files\Java\jre1.8.0_73\bin\zip.dll
0x000007fefe150000 - 0x000007fefeed8000 	C:\Windows\system32\SHELL32.dll
0x000007feff180000 - 0x000007feff383000 	C:\Windows\system32\ole32.dll
0x000007fefd2b0000 - 0x000007fefd2bf000 	C:\Windows\system32\profapi.dll
0x0000000072420000 - 0x0000000072429000 	C:\Program Files\Java\jre1.8.0_73\bin\dt_socket.dll
0x000007fefb360000 - 0x000007fefb375000 	C:\Windows\system32\NLAapi.dll
0x000007fef6bf0000 - 0x000007fef6c05000 	C:\Windows\system32\napinsp.dll
0x000007fef6c10000 - 0x000007fef6c29000 	C:\Windows\system32\pnrpnsp.dll
0x000007fefcc10000 - 0x000007fefcc65000 	C:\Windows\System32\mswsock.dll
0x000007fefc900000 - 0x000007fefc95b000 	C:\Windows\system32\DNSAPI.dll
0x000007fef6be0000 - 0x000007fef6beb000 	C:\Windows\System32\winrnr.dll
0x000007fefac70000 - 0x000007fefac97000 	C:\Windows\system32\IPHLPAPI.DLL
0x000007fefac60000 - 0x000007fefac6b000 	C:\Windows\system32\WINNSI.DLL
0x000007fefab20000 - 0x000007fefab73000 	C:\Windows\System32\fwpuclnt.dll
0x000007fef6cf0000 - 0x000007fef6cf8000 	C:\Windows\system32\rasadhlp.dll
0x000007fefc4d0000 - 0x000007fefc4d7000 	C:\Windows\System32\wshtcpip.dll
0x00000000610a0000 - 0x00000000610ad000 	C:\Program Files\Java\jre1.8.0_73\bin\management.dll
0x000000005ec20000 - 0x000000005ec3a000 	C:\Program Files\Java\jre1.8.0_73\bin\net.dll
0x000007fefcd00000 - 0x000007fefcd07000 	C:\Windows\System32\wship6.dll
0x000000005ec00000 - 0x000000005ec11000 	C:\Program Files\Java\jre1.8.0_73\bin\nio.dll
0x000007fefca70000 - 0x000007fefca87000 	C:\Windows\system32\CRYPTSP.dll
0x000007fefc810000 - 0x000007fefc857000 	C:\Windows\system32\rsaenh.dll
0x000007fefc5f0000 - 0x000007fefc60e000 	C:\Windows\system32\USERENV.dll
0x000007fefd1e0000 - 0x000007fefd1ef000 	C:\Windows\system32\CRYPTBASE.dll
0x000007fefaaf0000 - 0x000007fefab01000 	C:\Windows\system32\dhcpcsvc6.DLL
0x000007fefaad0000 - 0x000007fefaae8000 	C:\Windows\system32\dhcpcsvc.DLL
0x0000000001d20000 - 0x0000000001d44000 	C:\Program Files\Java\jre1.8.0_73\bin\sunec.dll
0x000007feeb060000 - 0x000007feeb185000 	C:\Windows\system32\dbghelp.dll

VM Arguments:
jvm_args: -agentlib:jdwp=transport=dt_socket,suspend=y,address=localhost:54010 -Dfile.encoding=Cp1252 
java_command: vn.com.splussoftware.sms.config.SpringBootApplicationRunner
java_class_path (initial): D:\projects\splus-soft\SMS\trunk\MainSource\sms-splus-software\app\bin;C:\Users\huyndn\.gradle\caches\modules-2\files-2.1\org.springframework.boot\spring-boot-starter-web\1.3.1.RELEASE\dd3c0e6cdee57e591eabc95a33b16233547eec91\spring-boot-starter-web-1.3.1.RELEASE.jar;C:\Users\huyndn\.gradle\caches\modules-2\files-2.1\org.springframework.boot\spring-boot-starter-security\1.3.1.RELEASE\8a71c21b3d9ef6bdd80623b66cfa56fa82270f6\spring-boot-starter-security-1.3.1.RELEASE.jar;C:\Users\huyndn\.gradle\caches\modules-2\files-2.1\org.springframework.boot\spring-boot-starter-data-jpa\1.3.1.RELEASE\2ab6101dff6b2a35dd7ee5ed1b904af96504d3f1\spring-boot-starter-data-jpa-1.3.1.RELEASE.jar;C:\Users\huyndn\.gradle\caches\modules-2\files-2.1\com.h2database\h2\1.4.190\df71536d44e3b07f0c15bb632cac51956c55fc3e\h2-1.4.190.jar;C:\Users\huyndn\.gradle\caches\modules-2\files-2.1\org.postgresql\postgresql\9.4-1206-jdbc41\4ef3d9bcf654c24783aa50cda10d29e1a9d40711\postgresql-9.4-1206-jdbc41.jar;C:\Users\huyndn\.gradle\caches\modules-2\files-2.1\org.springframework.boot\spring-boot-starter-thymeleaf\1.3.1.RELEASE\edba98de86665674951f0845bf9071872dfefab6\spring-boot-starter-thymeleaf-1.3.1.RELEASE.jar;C:\Users\huyndn\.gradle\caches\modules-2\files-2.1\org.projectlombok\lombok\1.16.6\9d3a47307466b28632bf35f8972ae9d703879416\lombok-1.16.6.jar;C:\Users\huyndn\.gradle\caches\modules-2\files-2.1\org.springframework.boot\spring-boot-starter-jetty\1.3.1.RELEASE\be814398fcd97f7047249928284f6a021cb7fc\spring-boot-starter-jetty-1.3.1.RELEASE.jar;C:\Users\huyndn\.gradle\caches\modules-2\files-2.1\org.springframework.boot\spring-boot-starter-actuator\1.3.1.RELEASE\7671f6c69cf25a513b555ddb4ffab64a9b1fc194\spring-boot-starter-actuator-1.3.1.RELEASE.jar;C:\Users\huyndn\.gradle\caches\modules-2\files-2.1\net.sourceforge.nekohtml\nekohtml\1.9.22\4f54af68ecb345f2453fb6884672ad08414154e3\nekohtml-1.9.22.jar;C:\Users\huyndn\.gradle\caches\modules-2\files-2.1\org.apache.commons\commons-io\1
Launcher Type: SUN_STANDARD

Environment Variables:
JAVA_HOME=C:\Program Files\Java\jdk1.8.0_65
PATH=C:/Program Files/Java/jre1.8.0_73/bin/server;C:/Program Files/Java/jre1.8.0_73/bin;C:/Program Files/Java/jre1.8.0_73/lib/amd64;C:\ProgramData\Oracle\Java\javapath;C:\Program Files (x86)\Intel\iCLS Client\;C:\Program Files\Intel\iCLS Client\;C:\Windows\system32;C:\Windows;C:\Windows\System32\Wbem;C:\Windows\System32\WindowsPowerShell\v1.0\;C:\Program Files\Intel\Intel(R) Management Engine Components\DAL;C:\Program Files\Intel\Intel(R) Management Engine Components\IPT;C:\Program Files (x86)\Intel\Intel(R) Management Engine Components\DAL;C:\Program Files (x86)\Intel\Intel(R) Management Engine Components\IPT;C:\Program Files\TortoiseSVN\bin;C:\Program Files\Git\cmd;D:\softs\maven\apache-maven-3.3.9\bin;C:\Program Files\Java\jdk1.8.0_65\bin;C:\Program Files (x86)\Skype\Phone\;D:\softs\eclipse-jee-mars-1-win32-x86_64\eclipse;
USERNAME=HuyNDN
OS=Windows_NT
PROCESSOR_IDENTIFIER=Intel64 Family 6 Model 60 Stepping 3, GenuineIntel



---------------  S Y S T E M  ---------------

OS: Windows 7 , 64 bit Build 7601 (6.1.7601.17514)

CPU:total 4 (4 cores per cpu, 1 threads per core) family 6 model 60 stepping 3, cmov, cx8, fxsr, mmx, sse, sse2, sse3, ssse3, sse4.1, sse4.2, popcnt, avx, avx2, aes, clmul, erms, lzcnt, tsc, tscinvbit, bmi1, bmi2

Memory: 4k page, physical 4092324k(393612k free), swap 8182804k(1910168k free)

vm_info: Java HotSpot(TM) 64-Bit Server VM (25.73-b02) for windows-amd64 JRE (1.8.0_73-b02), built on Jan 29 2016 17:38:49 by "java_re" with MS VC++ 10.0 (VS2010)

time: Wed Feb 24 00:57:40 2016
elapsed time: 605 seconds (0d 0h 10m 5s)

