#
# A fatal error has been detected by the Java Runtime Environment:
#
#  EXCEPTION_ACCESS_VIOLATION (0xc0000005) at pc=0x000000005d288ad5, pid=5152, tid=5524
#
# JRE version: Java(TM) SE Runtime Environment (8.0_73-b02) (build 1.8.0_73-b02)
# Java VM: Java HotSpot(TM) 64-Bit Server VM (25.73-b02 mixed mode windows-amd64 compressed oops)
# Problematic frame:
# V  [jvm.dll+0x128ad5]
#
# Failed to write core dump. Minidumps are not enabled by default on client versions of Windows
#
# If you would like to submit a bug report, please visit:
#   http://bugreport.java.com/bugreport/crash.jsp
#

---------------  T H R E A D  ---------------

Current thread (0x00000000562e8000):  JavaThread "JDWP Transport Listener: dt_socket" daemon [_thread_in_vm, id=5524, stack(0x0000000057090000,0x0000000057190000)]

siginfo: ExceptionCode=0xc0000005, reading address 0xffffffffffffffff

Registers:
RAX=0x000000005718f801, RBX=0x00000000562e8000, RCX=0x6d656c4564657400, RDX=0x0000000000000000
RSP=0x000000005718f810, RBP=0x6d656c4564657400, RSI=0x000000005718f928, RDI=0x0000000000398d10
R8 =0x00000000562e8000, R9 =0x0000025300a7004d, R10=0x0000000000000000, R11=0x000000005718fb46
R12=0x0000000000000000, R13=0x00000000562e87f8, R14=0x0000000000000000, R15=0x0000000000000000
RIP=0x000000005d288ad5, EFLAGS=0x0000000000010206

Top of Stack: (sp=0x000000005718f810)
0x000000005718f810:   00000000562e8000 00000000562e8000
0x000000005718f820:   000000005718f8d8 000000005d48e34b
0x000000005718f830:   00000000562e8000 000000005d4aabad
0x000000005718f840:   0000000000000000 00000000716e9155
0x000000005718f850:   0000000059ed8808 00000000716f291e
0x000000005718f860:   00000000562e8000 0000000000000000
0x000000005718f870:   0000000000000000 0000000000000000
0x000000005718f880:   6d656c4564657400 00000000716f1a15
0x000000005718f890:   000000005718f928 000000005718f900
0x000000005718f8a0:   0000000000000001 0000000059ed8808
0x000000005718f8b0:   6d656c4564657400 00000000716d53b3
0x000000005718f8c0:   000000005718f9f0 0000000000000001
0x000000005718f8d0:   0000000000000001 0000000059ed8808
0x000000005718f8e0:   0000000000000001 0000000000000000
0x000000005718f8f0:   0000000000000000 0000000000000000
0x000000005718f900:   0000000000000001 00000000716d5571 

Instructions: (pc=0x000000005d288ad5)
0x000000005d288ab5:   cc cc cc cc cc cc cc cc cc cc cc 48 83 ec 28 48
0x000000005d288ac5:   85 c9 75 07 33 c0 48 83 c4 28 c3 48 89 5c 24 20
0x000000005d288ad5:   48 8b 19 48 85 db 74 20 48 83 fb 37 74 1a 48 8b
0x000000005d288ae5:   13 48 8b cb ff 52 10 84 c0 74 0d 48 8b c3 48 8b 


Register to memory mapping:

RAX=0x000000005718f801 is pointing into the stack for thread: 0x00000000562e8000
RBX=0x00000000562e8000 is a thread
RCX=0x6d656c4564657400 is an unknown value
RDX=0x0000000000000000 is an unknown value
RSP=0x000000005718f810 is pointing into the stack for thread: 0x00000000562e8000
RBP=0x6d656c4564657400 is an unknown value
RSI=0x000000005718f928 is pointing into the stack for thread: 0x00000000562e8000
RDI=0x0000000000398d10 is an unknown value
R8 =0x00000000562e8000 is a thread
R9 =0x0000025300a7004d is an unknown value
R10=0x0000000000000000 is an unknown value
R11=0x000000005718fb46 is pointing into the stack for thread: 0x00000000562e8000
R12=0x0000000000000000 is an unknown value
R13=0x00000000562e87f8 is an unknown value
R14=0x0000000000000000 is an unknown value
R15=0x0000000000000000 is an unknown value


Stack: [0x0000000057090000,0x0000000057190000],  sp=0x000000005718f810,  free space=1022k
Native frames: (J=compiled Java code, j=interpreted, Vv=VM code, C=native code)
V  [jvm.dll+0x128ad5]
V  [jvm.dll+0x34abad]
C  [jdwp.dll+0x21a15]
C  [jdwp.dll+0x53b3]
C  [jdwp.dll+0x5571]
C  [jdwp.dll+0xf0a8]
C  [jdwp.dll+0x1f2d5]
C  [jdwp.dll+0x1f4aa]
V  [jvm.dll+0x1bbb58]
V  [jvm.dll+0x243234]
V  [jvm.dll+0x29a10a]
C  [msvcr100.dll+0x21d9f]
C  [msvcr100.dll+0x21e3b]
C  [kernel32.dll+0x1652d]
C  [ntdll.dll+0x2c521]


---------------  P R O C E S S  ---------------

Java Threads: ( => current thread )
  0x00000000672f6800 JavaThread "Scheduler-1339507235" [_thread_blocked, id=4972, stack(0x0000000060860000,0x0000000060960000)]
  0x00000000672f6000 JavaThread "DestroyJavaVM" [_thread_blocked, id=840, stack(0x0000000002410000,0x0000000002510000)]
  0x00000000672f5000 JavaThread "Thread-13" [_thread_blocked, id=3936, stack(0x00000000666a0000,0x00000000667a0000)]
  0x000000005ba67000 JavaThread "Tomcat JDBC Pool Cleaner[349885916:1456296928228]" daemon [_thread_blocked, id=3580, stack(0x0000000057620000,0x0000000057720000)]
  0x000000005827b000 JavaThread "org.eclipse.jetty.server.session.HashSessionManager@77aeaTimer" daemon [_thread_blocked, id=6392, stack(0x0000000060740000,0x0000000060840000)]
  0x000000005dd00800 JavaThread "qtp1796415927-23" [_thread_blocked, id=1348, stack(0x000000005cfa0000,0x000000005d0a0000)]
  0x000000005dcff800 JavaThread "qtp1796415927-22" [_thread_blocked, id=6028, stack(0x000000005ce80000,0x000000005cf80000)]
  0x0000000057fbf800 JavaThread "qtp1796415927-21" [_thread_blocked, id=1336, stack(0x000000005cd60000,0x000000005ce60000)]
  0x0000000057ad0800 JavaThread "qtp1796415927-20" [_thread_blocked, id=5196, stack(0x000000005cc40000,0x000000005cd40000)]
  0x000000005df42000 JavaThread "qtp1796415927-19-acceptor-0@796f4dc5-ServerConnector@75c36570{HTTP/1.1}{0.0.0.0:8182}" [_thread_in_native, id=6820, stack(0x000000005caa0000,0x000000005cba0000)]
  0x0000000059fa9800 JavaThread "qtp1796415927-18" [_thread_blocked, id=6200, stack(0x0000000057890000,0x0000000057990000)]
  0x000000005801b800 JavaThread "qtp1796415927-17-selector-ServerConnectorManager@46d6f521/1" [_thread_in_native, id=440, stack(0x0000000059290000,0x0000000059390000)]
  0x000000005dbbc800 JavaThread "qtp1796415927-16-selector-ServerConnectorManager@46d6f521/0" [_thread_in_native, id=6644, stack(0x000000005c660000,0x000000005c760000)]
  0x000000005638f800 JavaThread "Service Thread" daemon [_thread_blocked, id=636, stack(0x0000000057730000,0x0000000057830000)]
  0x0000000056305800 JavaThread "C1 CompilerThread2" daemon [_thread_blocked, id=4228, stack(0x0000000057390000,0x0000000057490000)]
  0x0000000056303800 JavaThread "C2 CompilerThread1" daemon [_thread_blocked, id=7064, stack(0x00000000574e0000,0x00000000575e0000)]
  0x00000000562fe800 JavaThread "C2 CompilerThread0" daemon [_thread_blocked, id=1040, stack(0x0000000057240000,0x0000000057340000)]
  0x00000000562f1000 JavaThread "JDWP Command Reader" daemon [_thread_in_native, id=3840, stack(0x0000000056e20000,0x0000000056f20000)]
  0x00000000562ed800 JavaThread "JDWP Event Helper Thread" daemon [_thread_blocked, id=6548, stack(0x0000000056c70000,0x0000000056d70000)]
=>0x00000000562e8000 JavaThread "JDWP Transport Listener: dt_socket" daemon [_thread_in_vm, id=5524, stack(0x0000000057090000,0x0000000057190000)]
  0x00000000562d2800 JavaThread "Attach Listener" daemon [_thread_blocked, id=2348, stack(0x0000000056700000,0x0000000056800000)]
  0x000000005509e000 JavaThread "Signal Dispatcher" daemon [_thread_blocked, id=3736, stack(0x0000000056880000,0x0000000056980000)]
  0x0000000055041000 JavaThread "Finalizer" daemon [_thread_blocked, id=5576, stack(0x00000000561d0000,0x00000000562d0000)]
  0x000000005503a000 JavaThread "Reference Handler" daemon [_thread_blocked, id=6472, stack(0x0000000055fd0000,0x00000000560d0000)]

Other Threads:
  0x0000000055034800 VMThread [stack: 0x0000000055e90000,0x0000000055f90000] [id=3340]
  0x000000005644f000 WatcherThread [stack: 0x00000000579b0000,0x0000000057ab0000] [id=6268]

VM state:not at safepoint (normal execution)

VM Mutex/Monitor currently owned by a thread: None

Heap:
 PSYoungGen      total 321024K, used 135207K [0x00000000eb300000, 0x0000000100000000, 0x0000000100000000)
  eden space 301056K, 44% used [0x00000000eb300000,0x00000000f3709d38,0x00000000fd900000)
  from space 19968K, 0% used [0x00000000fd900000,0x00000000fd900000,0x00000000fec80000)
  to   space 19456K, 0% used [0x00000000fed00000,0x00000000fed00000,0x0000000100000000)
 ParOldGen       total 91648K, used 45987K [0x00000000c1800000, 0x00000000c7180000, 0x00000000eb300000)
  object space 91648K, 50% used [0x00000000c1800000,0x00000000c44e8fe0,0x00000000c7180000)
 Metaspace       used 62679K, capacity 63434K, committed 63784K, reserved 1105920K
  class space    used 7995K, capacity 8187K, committed 8232K, reserved 1048576K

Card table byte_map: [0x0000000011ba0000,0x0000000011da0000] byte_map_base: 0x0000000011594000

Marking Bits: (ParMarkBitMap*) 0x000000005d970600
 Begin Bits: [0x0000000012560000, 0x0000000013500000)
 End Bits:   [0x0000000013500000, 0x00000000144a0000)

Polling page: 0x0000000000320000

CodeCache: size=245760Kb used=22179Kb max_used=24966Kb free=223580Kb
 bounds [0x00000000027e0000, 0x0000000004090000, 0x00000000117e0000]
 total_blobs=6754 nmethods=5994 adapters=679
 compilation: enabled

Compilation events (10 events):
Event: 17.904 Thread 0x0000000056303800 nmethod 7526 0x0000000002962b50 code [0x0000000002962cc0, 0x00000000029634d8]
Event: 17.918 Thread 0x0000000056305800 7533       3       org.eclipse.jetty.util.AttributesMap::getAttribute (21 bytes)
Event: 17.919 Thread 0x0000000056305800 nmethod 7533 0x00000000034b06d0 code [0x00000000034b0860, 0x00000000034b0ce8]
Event: 17.955 Thread 0x00000000562fe800 nmethod 7518 0x0000000003ace650 code [0x0000000003ace9a0, 0x0000000003ad1fd8]
Event: 182.193 Thread 0x0000000056305800 7534       1       org.apache.tomcat.jdbc.pool.ConnectionPool::getPoolProperties (5 bytes)
Event: 182.194 Thread 0x0000000056305800 nmethod 7534 0x0000000002e63c50 code [0x0000000002e63da0, 0x0000000002e63eb0]
Event: 232.195 Thread 0x0000000056305800 7535       1       org.apache.tomcat.jdbc.pool.PoolProperties::isRemoveAbandoned (5 bytes)
Event: 232.195 Thread 0x0000000056305800 nmethod 7535 0x0000000002eb8210 code [0x0000000002eb8360, 0x0000000002eb8470]
Event: 232.195 Thread 0x0000000056305800 7536       1       org.apache.tomcat.jdbc.pool.PoolProperties::isTestWhileIdle (5 bytes)
Event: 232.196 Thread 0x0000000056305800 nmethod 7536 0x0000000003162910 code [0x0000000003162a60, 0x0000000003162b70]

GC Heap History (10 events):
Event: 7.064 GC heap before
{Heap before GC invocations=14 (full 2):
 PSYoungGen      total 276992K, used 1393K [0x00000000eb300000, 0x00000000fd100000, 0x0000000100000000)
  eden space 265216K, 0% used [0x00000000eb300000,0x00000000eb300000,0x00000000fb600000)
  from space 11776K, 11% used [0x00000000fc580000,0x00000000fc6dc6f0,0x00000000fd100000)
  to   space 13824K, 0% used [0x00000000fb600000,0x00000000fb600000,0x00000000fc380000)
 ParOldGen       total 38912K, used 28399K [0x00000000c1800000, 0x00000000c3e00000, 0x00000000eb300000)
  object space 38912K, 72% used [0x00000000c1800000,0x00000000c33bbe60,0x00000000c3e00000)
 Metaspace       used 34935K, capacity 35308K, committed 35496K, reserved 1081344K
  class space    used 4378K, capacity 4486K, committed 4520K, reserved 1048576K
Event: 7.176 GC heap after
Heap after GC invocations=14 (full 2):
 PSYoungGen      total 276992K, used 0K [0x00000000eb300000, 0x00000000fd100000, 0x0000000100000000)
  eden space 265216K, 0% used [0x00000000eb300000,0x00000000eb300000,0x00000000fb600000)
  from space 11776K, 0% used [0x00000000fc580000,0x00000000fc580000,0x00000000fd100000)
  to   space 13824K, 0% used [0x00000000fb600000,0x00000000fb600000,0x00000000fc380000)
 ParOldGen       total 55296K, used 22358K [0x00000000c1800000, 0x00000000c4e00000, 0x00000000eb300000)
  object space 55296K, 40% used [0x00000000c1800000,0x00000000c2dd59e8,0x00000000c4e00000)
 Metaspace       used 34935K, capacity 35308K, committed 35496K, reserved 1081344K
  class space    used 4378K, capacity 4486K, committed 4520K, reserved 1048576K
}
Event: 9.728 GC heap before
{Heap before GC invocations=15 (full 2):
 PSYoungGen      total 276992K, used 265216K [0x00000000eb300000, 0x00000000fd100000, 0x0000000100000000)
  eden space 265216K, 100% used [0x00000000eb300000,0x00000000fb600000,0x00000000fb600000)
  from space 11776K, 0% used [0x00000000fc580000,0x00000000fc580000,0x00000000fd100000)
  to   space 13824K, 0% used [0x00000000fb600000,0x00000000fb600000,0x00000000fc380000)
 ParOldGen       total 55296K, used 22358K [0x00000000c1800000, 0x00000000c4e00000, 0x00000000eb300000)
  object space 55296K, 40% used [0x00000000c1800000,0x00000000c2dd59e8,0x00000000c4e00000)
 Metaspace       used 49877K, capacity 50316K, committed 50856K, reserved 1093632K
  class space    used 6348K, capacity 6470K, committed 6568K, reserved 1048576K
Event: 9.774 GC heap after
Heap after GC invocations=15 (full 2):
 PSYoungGen      total 279040K, used 13800K [0x00000000eb300000, 0x0000000100000000, 0x0000000100000000)
  eden space 265216K, 0% used [0x00000000eb300000,0x00000000eb300000,0x00000000fb600000)
  from space 13824K, 99% used [0x00000000fb600000,0x00000000fc37a018,0x00000000fc380000)
  to   space 18432K, 0% used [0x00000000fee00000,0x00000000fee00000,0x0000000100000000)
 ParOldGen       total 55296K, used 30239K [0x00000000c1800000, 0x00000000c4e00000, 0x00000000eb300000)
  object space 55296K, 54% used [0x00000000c1800000,0x00000000c3587cf8,0x00000000c4e00000)
 Metaspace       used 49877K, capacity 50316K, committed 50856K, reserved 1093632K
  class space    used 6348K, capacity 6470K, committed 6568K, reserved 1048576K
}
Event: 11.953 GC heap before
{Heap before GC invocations=16 (full 2):
 PSYoungGen      total 279040K, used 279016K [0x00000000eb300000, 0x0000000100000000, 0x0000000100000000)
  eden space 265216K, 100% used [0x00000000eb300000,0x00000000fb600000,0x00000000fb600000)
  from space 13824K, 99% used [0x00000000fb600000,0x00000000fc37a018,0x00000000fc380000)
  to   space 18432K, 0% used [0x00000000fee00000,0x00000000fee00000,0x0000000100000000)
 ParOldGen       total 55296K, used 30239K [0x00000000c1800000, 0x00000000c4e00000, 0x00000000eb300000)
  object space 55296K, 54% used [0x00000000c1800000,0x00000000c3587cf8,0x00000000c4e00000)
 Metaspace       used 57472K, capacity 58108K, committed 58536K, reserved 1099776K
  class space    used 7290K, capacity 7472K, committed 7592K, reserved 1048576K
Event: 12.001 GC heap after
Heap after GC invocations=16 (full 2):
 PSYoungGen      total 319488K, used 14123K [0x00000000eb300000, 0x0000000100000000, 0x0000000100000000)
  eden space 301056K, 0% used [0x00000000eb300000,0x00000000eb300000,0x00000000fd900000)
  from space 18432K, 76% used [0x00000000fee00000,0x00000000ffbcadb8,0x0000000100000000)
  to   space 19968K, 0% used [0x00000000fd900000,0x00000000fd900000,0x00000000fec80000)
 ParOldGen       total 55296K, used 41262K [0x00000000c1800000, 0x00000000c4e00000, 0x00000000eb300000)
  object space 55296K, 74% used [0x00000000c1800000,0x00000000c404b888,0x00000000c4e00000)
 Metaspace       used 57472K, capacity 58108K, committed 58536K, reserved 1099776K
  class space    used 7290K, capacity 7472K, committed 7592K, reserved 1048576K
}
Event: 12.798 GC heap before
{Heap before GC invocations=17 (full 2):
 PSYoungGen      total 319488K, used 110554K [0x00000000eb300000, 0x0000000100000000, 0x0000000100000000)
  eden space 301056K, 32% used [0x00000000eb300000,0x00000000f112be08,0x00000000fd900000)
  from space 18432K, 76% used [0x00000000fee00000,0x00000000ffbcadb8,0x0000000100000000)
  to   space 19968K, 0% used [0x00000000fd900000,0x00000000fd900000,0x00000000fec80000)
 ParOldGen       total 55296K, used 41262K [0x00000000c1800000, 0x00000000c4e00000, 0x00000000eb300000)
  object space 55296K, 74% used [0x00000000c1800000,0x00000000c404b888,0x00000000c4e00000)
 Metaspace       used 58213K, capacity 58868K, committed 59160K, reserved 1101824K
  class space    used 7394K, capacity 7572K, committed 7592K, reserved 1048576K
Event: 12.822 GC heap after
Heap after GC invocations=17 (full 2):
 PSYoungGen      total 321024K, used 4288K [0x00000000eb300000, 0x0000000100000000, 0x0000000100000000)
  eden space 301056K, 0% used [0x00000000eb300000,0x00000000eb300000,0x00000000fd900000)
  from space 19968K, 21% used [0x00000000fd900000,0x00000000fdd30020,0x00000000fec80000)
  to   space 19456K, 0% used [0x00000000fed00000,0x00000000fed00000,0x0000000100000000)
 ParOldGen       total 55296K, used 50969K [0x00000000c1800000, 0x00000000c4e00000, 0x00000000eb300000)
  object space 55296K, 92% used [0x00000000c1800000,0x00000000c49c6798,0x00000000c4e00000)
 Metaspace       used 58213K, capacity 58868K, committed 59160K, reserved 1101824K
  class space    used 7394K, capacity 7572K, committed 7592K, reserved 1048576K
}
Event: 12.822 GC heap before
{Heap before GC invocations=18 (full 3):
 PSYoungGen      total 321024K, used 4288K [0x00000000eb300000, 0x0000000100000000, 0x0000000100000000)
  eden space 301056K, 0% used [0x00000000eb300000,0x00000000eb300000,0x00000000fd900000)
  from space 19968K, 21% used [0x00000000fd900000,0x00000000fdd30020,0x00000000fec80000)
  to   space 19456K, 0% used [0x00000000fed00000,0x00000000fed00000,0x0000000100000000)
 ParOldGen       total 55296K, used 50969K [0x00000000c1800000, 0x00000000c4e00000, 0x00000000eb300000)
  object space 55296K, 92% used [0x00000000c1800000,0x00000000c49c6798,0x00000000c4e00000)
 Metaspace       used 58213K, capacity 58868K, committed 59160K, reserved 1101824K
  class space    used 7394K, capacity 7572K, committed 7592K, reserved 1048576K
Event: 13.032 GC heap after
Heap after GC invocations=18 (full 3):
 PSYoungGen      total 321024K, used 0K [0x00000000eb300000, 0x0000000100000000, 0x0000000100000000)
  eden space 301056K, 0% used [0x00000000eb300000,0x00000000eb300000,0x00000000fd900000)
  from space 19968K, 0% used [0x00000000fd900000,0x00000000fd900000,0x00000000fec80000)
  to   space 19456K, 0% used [0x00000000fed00000,0x00000000fed00000,0x0000000100000000)
 ParOldGen       total 91648K, used 45987K [0x00000000c1800000, 0x00000000c7180000, 0x00000000eb300000)
  object space 91648K, 50% used [0x00000000c1800000,0x00000000c44e8fe0,0x00000000c7180000)
 Metaspace       used 58213K, capacity 58868K, committed 59160K, reserved 1101824K
  class space    used 7394K, capacity 7572K, committed 7592K, reserved 1048576K
}

Deoptimization events (10 events):
Event: 17.915 Thread 0x0000000057ad0800 Uncommon trap: reason=unhandled action=none pc=0x000000000340973c method=java.net.URLClassLoader.findClass(Ljava/lang/String;)Ljava/lang/Class; @ 44
Event: 17.915 Thread 0x0000000057ad0800 Uncommon trap: reason=unhandled action=none pc=0x000000000340973c method=java.net.URLClassLoader.findClass(Ljava/lang/String;)Ljava/lang/Class; @ 44
Event: 17.915 Thread 0x0000000057ad0800 Uncommon trap: reason=unhandled action=none pc=0x000000000340973c method=java.net.URLClassLoader.findClass(Ljava/lang/String;)Ljava/lang/Class; @ 44
Event: 17.916 Thread 0x0000000057ad0800 Uncommon trap: reason=unhandled action=none pc=0x000000000340973c method=java.net.URLClassLoader.findClass(Ljava/lang/String;)Ljava/lang/Class; @ 44
Event: 17.919 Thread 0x0000000057ad0800 Uncommon trap: reason=unhandled action=none pc=0x000000000340973c method=java.net.URLClassLoader.findClass(Ljava/lang/String;)Ljava/lang/Class; @ 44
Event: 17.919 Thread 0x0000000057ad0800 Uncommon trap: reason=unhandled action=none pc=0x000000000340973c method=java.net.URLClassLoader.findClass(Ljava/lang/String;)Ljava/lang/Class; @ 44
Event: 17.920 Thread 0x0000000057ad0800 Uncommon trap: reason=unhandled action=none pc=0x000000000340973c method=java.net.URLClassLoader.findClass(Ljava/lang/String;)Ljava/lang/Class; @ 44
Event: 17.921 Thread 0x0000000057ad0800 Uncommon trap: reason=unhandled action=none pc=0x000000000340973c method=java.net.URLClassLoader.findClass(Ljava/lang/String;)Ljava/lang/Class; @ 44
Event: 47.923 Thread 0x00000000672f6800 Uncommon trap: reason=unhandled action=none pc=0x000000000340973c method=java.net.URLClassLoader.findClass(Ljava/lang/String;)Ljava/lang/Class; @ 44
Event: 47.924 Thread 0x00000000672f6800 Uncommon trap: reason=unhandled action=none pc=0x000000000340973c method=java.net.URLClassLoader.findClass(Ljava/lang/String;)Ljava/lang/Class; @ 44

Internal exceptions (10 events):
Event: 17.828 Thread 0x0000000057ad0800 Exception <a 'java/lang/ClassNotFoundException': vn/com/splussoftware/sms/model/entity/auth/SMSGroupEntityBeanInfo> (0x00000000f233c1e8) thrown at [D:\re\puppet\workspace\8-2-build-windows-amd64-cygwin\jdk8u73\6086\hotspot\src\share\vm\classfile\systemDictj§KZÔ1@
Event: 17.828 Thread 0x0000000057ad0800 Exception <a 'java/lang/ClassNotFoundException': vn/com/splussoftware/sms/model/entity/auth/SMSGroupEntityCustomizer> (0x00000000f2366400) thrown at [D:\re\puppet\workspace\8-2-build-windows-amd64-cygwin\jdk8u73\6086\hotspot\src\share\vm\classfile\systemDiˆÏØ,Ô1@
Event: 17.828 Thread 0x0000000057ad0800 Exception <a 'java/lang/ArrayIndexOutOfBoundsException': 78> (0x00000000f236c7f0) thrown at [D:\re\puppet\workspace\8-2-build-windows-amd64-cygwin\jdk8u73\6086\hotspot\src\share\vm\interpreter\interpreterRuntime.cpp, line 366]
Event: 17.828 Thread 0x0000000057ad0800 Exception <a 'java/lang/ArrayIndexOutOfBoundsException': 79> (0x00000000f236e8a0) thrown at [D:\re\puppet\workspace\8-2-build-windows-amd64-cygwin\jdk8u73\6086\hotspot\src\share\vm\interpreter\interpreterRuntime.cpp, line 366]
Event: 17.830 Thread 0x0000000057ad0800 Exception <a 'java/lang/ClassNotFoundException': vn/com/splussoftware/sms/utils/dto/group/GroupDtoBeanInfo> (0x00000000f239ea28) thrown at [D:\re\puppet\workspace\8-2-build-windows-amd64-cygwin\jdk8u73\6086\hotspot\src\share\vm\classfile\systemDictionary.c9÷—˜Ô1@
Event: 17.830 Thread 0x0000000057ad0800 Exception <a 'java/lang/ClassNotFoundException': vn/com/splussoftware/sms/utils/dto/group/GroupDtoCustomizer> (0x00000000f23c5880) thrown at [D:\re\puppet\workspace\8-2-build-windows-amd64-cygwin\jdk8u73\6086\hotspot\src\share\vm\classfile\systemDictionary-¾Ï Ô1@
Event: 17.831 Thread 0x0000000057ad0800 Exception <a 'java/lang/ArrayIndexOutOfBoundsException': 64> (0x00000000f23cc080) thrown at [D:\re\puppet\workspace\8-2-build-windows-amd64-cygwin\jdk8u73\6086\hotspot\src\share\vm\interpreter\interpreterRuntime.cpp, line 366]
Event: 17.831 Thread 0x0000000057ad0800 Exception <a 'java/lang/ArrayIndexOutOfBoundsException': 65> (0x00000000f23cdf60) thrown at [D:\re\puppet\workspace\8-2-build-windows-amd64-cygwin\jdk8u73\6086\hotspot\src\share\vm\interpreter\interpreterRuntime.cpp, line 366]
Event: 17.847 Thread 0x0000000057ad0800 Exception <a 'java/lang/ArrayIndexOutOfBoundsException': 23> (0x00000000f24759a0) thrown at [D:\re\puppet\workspace\8-2-build-windows-amd64-cygwin\jdk8u73\6086\hotspot\src\share\vm\interpreter\interpreterRuntime.cpp, line 366]
Event: 17.855 Thread 0x0000000057ad0800 Exception <a 'java/lang/reflect/InvocationTargetException'> (0x00000000f249a7c0) thrown at [D:\re\puppet\workspace\8-2-build-windows-amd64-cygwin\jdk8u73\6086\hotspot\src\share\vm\runtime\reflection.cpp, line 1092]

Events (10 events):
Event: 47.924 loading class org/eclipse/jetty/io/WriteFlusher$1 done
Event: 47.924 Thread 0x00000000672f6800 Uncommon trap: trap_request=0xffffffa7 fr.pc=0x000000000340973c
Event: 47.924 Thread 0x00000000672f6800 DEOPT PACKING pc=0x000000000340973c sp=0x000000006095d840
Event: 47.924 Thread 0x00000000672f6800 DEOPT UNPACKING pc=0x000000000282582a sp=0x000000006095d7d8 mode 2
Event: 47.924 Thread 0x00000000672f6800 DEOPT PACKING pc=0x000000000397ee20 sp=0x000000006095d880
Event: 47.924 Thread 0x00000000672f6800 DEOPT UNPACKING pc=0x000000000282787f sp=0x000000006095d570 mode 1
Event: 57.924 Executing VM operation: RevokeBias
Event: 57.924 Executing VM operation: RevokeBias done
Event: 239.535 Executing VM operation: RedefineClasses
Event: 239.574 Executing VM operation: RedefineClasses done


Dynamic libraries:
0x000000013f460000 - 0x000000013f497000 	C:\Program Files\Java\jre1.8.0_73\bin\javaw.exe
0x0000000077360000 - 0x0000000077509000 	C:\Windows\SYSTEM32\ntdll.dll
0x0000000077240000 - 0x000000007735f000 	C:\Windows\system32\kernel32.dll
0x000007fefd3a0000 - 0x000007fefd40b000 	C:\Windows\system32\KERNELBASE.dll
0x000007feff0a0000 - 0x000007feff17b000 	C:\Windows\system32\ADVAPI32.dll
0x000007fefd9e0000 - 0x000007fefda7f000 	C:\Windows\system32\msvcrt.dll
0x000007fefdeb0000 - 0x000007fefdecf000 	C:\Windows\SYSTEM32\sechost.dll
0x000007fefdfa0000 - 0x000007fefe0cd000 	C:\Windows\system32\RPCRT4.dll
0x0000000077140000 - 0x000000007723a000 	C:\Windows\system32\USER32.dll
0x000007fefda80000 - 0x000007fefdae7000 	C:\Windows\system32\GDI32.dll
0x000007fefdaf0000 - 0x000007fefdafe000 	C:\Windows\system32\LPK.dll
0x000007fefded0000 - 0x000007fefdf99000 	C:\Windows\system32\USP10.dll
0x000007fefbee0000 - 0x000007fefc0d4000 	C:\Windows\WinSxS\amd64_microsoft.windows.common-controls_6595b64144ccf1df_6.0.7601.17514_none_fa396087175ac9ac\COMCTL32.dll
0x000007fefe0d0000 - 0x000007fefe141000 	C:\Windows\system32\SHLWAPI.dll
0x000007feff010000 - 0x000007feff03e000 	C:\Windows\system32\IMM32.DLL
0x000007feff560000 - 0x000007feff669000 	C:\Windows\system32\MSCTF.dll
0x0000000056b50000 - 0x0000000056c22000 	C:\Program Files\Java\jre1.8.0_73\bin\msvcr100.dll
0x000000005d160000 - 0x000000005d9f0000 	C:\Program Files\Java\jre1.8.0_73\bin\server\jvm.dll
0x000007fef7a40000 - 0x000007fef7a49000 	C:\Windows\system32\WSOCK32.dll
0x000007feff390000 - 0x000007feff3dd000 	C:\Windows\system32\WS2_32.dll
0x000007fefdea0000 - 0x000007fefdea8000 	C:\Windows\system32\NSI.dll
0x000007fefb320000 - 0x000007fefb35b000 	C:\Windows\system32\WINMM.dll
0x000007fefc400000 - 0x000007fefc40c000 	C:\Windows\system32\VERSION.dll
0x0000000077530000 - 0x0000000077537000 	C:\Windows\system32\PSAPI.DLL
0x000000005ecc0000 - 0x000000005eccf000 	C:\Program Files\Java\jre1.8.0_73\bin\verify.dll
0x000000005ec90000 - 0x000000005ecb9000 	C:\Program Files\Java\jre1.8.0_73\bin\java.dll
0x00000000716d0000 - 0x0000000071705000 	C:\Program Files\Java\jre1.8.0_73\bin\jdwp.dll
0x0000000072420000 - 0x0000000072428000 	C:\Program Files\Java\jre1.8.0_73\bin\npt.dll
0x000000005ec40000 - 0x000000005ec56000 	C:\Program Files\Java\jre1.8.0_73\bin\zip.dll
0x000007fefe150000 - 0x000007fefeed8000 	C:\Windows\system32\SHELL32.dll
0x000007feff180000 - 0x000007feff383000 	C:\Windows\system32\ole32.dll
0x000007fefd2b0000 - 0x000007fefd2bf000 	C:\Windows\system32\profapi.dll
0x0000000072430000 - 0x0000000072439000 	C:\Program Files\Java\jre1.8.0_73\bin\dt_socket.dll
0x000007fefb360000 - 0x000007fefb375000 	C:\Windows\system32\NLAapi.dll
0x000007fef6bf0000 - 0x000007fef6c05000 	C:\Windows\system32\napinsp.dll
0x000007fef6c10000 - 0x000007fef6c29000 	C:\Windows\system32\pnrpnsp.dll
0x000007fefcc10000 - 0x000007fefcc65000 	C:\Windows\System32\mswsock.dll
0x000007fefc900000 - 0x000007fefc95b000 	C:\Windows\system32\DNSAPI.dll
0x000007fef6be0000 - 0x000007fef6beb000 	C:\Windows\System32\winrnr.dll
0x000007fefac70000 - 0x000007fefac97000 	C:\Windows\system32\IPHLPAPI.DLL
0x000007fefac60000 - 0x000007fefac6b000 	C:\Windows\system32\WINNSI.DLL
0x000007fefab20000 - 0x000007fefab73000 	C:\Windows\System32\fwpuclnt.dll
0x000007fef6cf0000 - 0x000007fef6cf8000 	C:\Windows\system32\rasadhlp.dll
0x000007fefc4d0000 - 0x000007fefc4d7000 	C:\Windows\System32\wshtcpip.dll
0x00000000610a0000 - 0x00000000610ad000 	C:\Program Files\Java\jre1.8.0_73\bin\management.dll
0x000000005ec20000 - 0x000000005ec3a000 	C:\Program Files\Java\jre1.8.0_73\bin\net.dll
0x000007fefcd00000 - 0x000007fefcd07000 	C:\Windows\System32\wship6.dll
0x000000005ec00000 - 0x000000005ec11000 	C:\Program Files\Java\jre1.8.0_73\bin\nio.dll
0x000007fefca70000 - 0x000007fefca87000 	C:\Windows\system32\CRYPTSP.dll
0x000007fefc810000 - 0x000007fefc857000 	C:\Windows\system32\rsaenh.dll
0x000007fefc5f0000 - 0x000007fefc60e000 	C:\Windows\system32\USERENV.dll
0x000007fefd1e0000 - 0x000007fefd1ef000 	C:\Windows\system32\CRYPTBASE.dll
0x000007fefaaf0000 - 0x000007fefab01000 	C:\Windows\system32\dhcpcsvc6.DLL
0x000007fefaad0000 - 0x000007fefaae8000 	C:\Windows\system32\dhcpcsvc.DLL
0x00000000023d0000 - 0x00000000023f4000 	C:\Program Files\Java\jre1.8.0_73\bin\sunec.dll
0x000007feeb060000 - 0x000007feeb185000 	C:\Windows\system32\dbghelp.dll

VM Arguments:
jvm_args: -agentlib:jdwp=transport=dt_socket,suspend=y,address=localhost:52371 -Dfile.encoding=Cp1252 
java_command: vn.com.splussoftware.sms.config.SpringBootApplicationRunner
java_class_path (initial): D:\projects\splus-soft\SMS\trunk\MainSource\sms-splus-software\app\bin;C:\Users\huyndn\.gradle\caches\modules-2\files-2.1\org.springframework.boot\spring-boot-starter-web\1.3.1.RELEASE\dd3c0e6cdee57e591eabc95a33b16233547eec91\spring-boot-starter-web-1.3.1.RELEASE.jar;C:\Users\huyndn\.gradle\caches\modules-2\files-2.1\org.springframework.boot\spring-boot-starter-security\1.3.1.RELEASE\8a71c21b3d9ef6bdd80623b66cfa56fa82270f6\spring-boot-starter-security-1.3.1.RELEASE.jar;C:\Users\huyndn\.gradle\caches\modules-2\files-2.1\org.springframework.boot\spring-boot-starter-data-jpa\1.3.1.RELEASE\2ab6101dff6b2a35dd7ee5ed1b904af96504d3f1\spring-boot-starter-data-jpa-1.3.1.RELEASE.jar;C:\Users\huyndn\.gradle\caches\modules-2\files-2.1\com.h2database\h2\1.4.190\df71536d44e3b07f0c15bb632cac51956c55fc3e\h2-1.4.190.jar;C:\Users\huyndn\.gradle\caches\modules-2\files-2.1\org.postgresql\postgresql\9.4-1206-jdbc41\4ef3d9bcf654c24783aa50cda10d29e1a9d40711\postgresql-9.4-1206-jdbc41.jar;C:\Users\huyndn\.gradle\caches\modules-2\files-2.1\org.springframework.boot\spring-boot-starter-thymeleaf\1.3.1.RELEASE\edba98de86665674951f0845bf9071872dfefab6\spring-boot-starter-thymeleaf-1.3.1.RELEASE.jar;C:\Users\huyndn\.gradle\caches\modules-2\files-2.1\org.projectlombok\lombok\1.16.6\9d3a47307466b28632bf35f8972ae9d703879416\lombok-1.16.6.jar;C:\Users\huyndn\.gradle\caches\modules-2\files-2.1\org.springframework.boot\spring-boot-starter-jetty\1.3.1.RELEASE\be814398fcd97f7047249928284f6a021cb7fc\spring-boot-starter-jetty-1.3.1.RELEASE.jar;C:\Users\huyndn\.gradle\caches\modules-2\files-2.1\org.springframework.boot\spring-boot-starter-actuator\1.3.1.RELEASE\7671f6c69cf25a513b555ddb4ffab64a9b1fc194\spring-boot-starter-actuator-1.3.1.RELEASE.jar;C:\Users\huyndn\.gradle\caches\modules-2\files-2.1\net.sourceforge.nekohtml\nekohtml\1.9.22\4f54af68ecb345f2453fb6884672ad08414154e3\nekohtml-1.9.22.jar;C:\Users\huyndn\.gradle\caches\modules-2\files-2.1\org.apache.commons\commons-io\1
Launcher Type: SUN_STANDARD

Environment Variables:
JAVA_HOME=C:\Program Files\Java\jdk1.8.0_65
PATH=C:/Program Files/Java/jre1.8.0_73/bin/server;C:/Program Files/Java/jre1.8.0_73/bin;C:/Program Files/Java/jre1.8.0_73/lib/amd64;C:\ProgramData\Oracle\Java\javapath;C:\Program Files (x86)\Intel\iCLS Client\;C:\Program Files\Intel\iCLS Client\;C:\Windows\system32;C:\Windows;C:\Windows\System32\Wbem;C:\Windows\System32\WindowsPowerShell\v1.0\;C:\Program Files\Intel\Intel(R) Management Engine Components\DAL;C:\Program Files\Intel\Intel(R) Management Engine Components\IPT;C:\Program Files (x86)\Intel\Intel(R) Management Engine Components\DAL;C:\Program Files (x86)\Intel\Intel(R) Management Engine Components\IPT;C:\Program Files\TortoiseSVN\bin;C:\Program Files\Git\cmd;D:\softs\maven\apache-maven-3.3.9\bin;C:\Program Files\Java\jdk1.8.0_65\bin;C:\Program Files (x86)\Skype\Phone\;D:\softs\eclipse-jee-mars-1-win32-x86_64\eclipse;
USERNAME=HuyNDN
OS=Windows_NT
PROCESSOR_IDENTIFIER=Intel64 Family 6 Model 60 Stepping 3, GenuineIntel



---------------  S Y S T E M  ---------------

OS: Windows 7 , 64 bit Build 7601 (6.1.7601.17514)

CPU:total 4 (4 cores per cpu, 1 threads per core) family 6 model 60 stepping 3, cmov, cx8, fxsr, mmx, sse, sse2, sse3, ssse3, sse4.1, sse4.2, popcnt, avx, avx2, aes, clmul, erms, lzcnt, tsc, tscinvbit, bmi1, bmi2

Memory: 4k page, physical 4092324k(1070652k free), swap 8182804k(2384128k free)

vm_info: Java HotSpot(TM) 64-Bit Server VM (25.73-b02) for windows-amd64 JRE (1.8.0_73-b02), built on Jan 29 2016 17:38:49 by "java_re" with MS VC++ 10.0 (VS2010)

time: Tue Feb 23 22:59:20 2016
elapsed time: 239 seconds (0d 0h 3m 59s)

